<?xml version="1.0" encoding="UTF-8"?>
<testng-results ignored="0" total="2" passed="1" failed="1" skipped="0">
  <reporter-output>
  </reporter-output>
  <suite started-at="2022-10-04T12:21:04 BST" name="Suite" finished-at="2022-10-04T12:21:27 BST" duration-ms="22798">
    <groups>
    </groups>
    <test started-at="2022-10-04T12:21:04 BST" name="Test" finished-at="2022-10-04T12:21:21 BST" duration-ms="16778">
      <class name="uk.co.testing.AddRemoveItemBasketTest">
        <test-method is-config="true" signature="set()[pri:0, instance:uk.co.testing.AddRemoveItemBasketTest@24fcf36f]" started-at="2022-10-04T12:21:04 BST" name="set" finished-at="2022-10-04T12:21:07 BST" duration-ms="2654" status="PASS">
          <reporter-output>
          </reporter-output>
        </test-method> <!-- set -->
        <test-method signature="addRemoveItem()[pri:0, instance:uk.co.testing.AddRemoveItemBasketTest@24fcf36f]" started-at="2022-10-04T12:21:07 BST" name="addRemoveItem" finished-at="2022-10-04T12:21:20 BST" duration-ms="13162" status="FAIL">
          <exception class="java.lang.AssertionError">
            <message>
              <![CDATA[Cart amount did not match the expected amount, it found$45.24 expected $45.23]]>
            </message>
            <full-stacktrace>
              <![CDATA[java.lang.AssertionError: Cart amount did not match the expected amount, it found$45.24 expected $45.23
at org.testng.Assert.fail(Assert.java:99)
at uk.co.testing.AddRemoveItemBasketTest.addRemoveItem(AddRemoveItemBasketTest.java:76)
at java.base/jdk.internal.reflect.NativeMethodAccessorImpl.invoke0(Native Method)
at java.base/jdk.internal.reflect.NativeMethodAccessorImpl.invoke(Unknown Source)
at java.base/jdk.internal.reflect.DelegatingMethodAccessorImpl.invoke(Unknown Source)
at java.base/java.lang.reflect.Method.invoke(Unknown Source)
at org.testng.internal.MethodInvocationHelper.invokeMethod(MethodInvocationHelper.java:133)
at org.testng.internal.TestInvoker.invokeMethod(TestInvoker.java:598)
at org.testng.internal.TestInvoker.invokeTestMethod(TestInvoker.java:173)
at org.testng.internal.MethodRunner.runInSequence(MethodRunner.java:46)
at org.testng.internal.TestInvoker$MethodInvocationAgent.invoke(TestInvoker.java:824)
at org.testng.internal.TestInvoker.invokeTestMethods(TestInvoker.java:146)
at org.testng.internal.TestMethodWorker.invokeTestMethods(TestMethodWorker.java:146)
at org.testng.internal.TestMethodWorker.run(TestMethodWorker.java:128)
at java.base/java.util.ArrayList.forEach(Unknown Source)
at org.testng.TestRunner.privateRun(TestRunner.java:794)
at org.testng.TestRunner.run(TestRunner.java:596)
at org.testng.SuiteRunner.runTest(SuiteRunner.java:377)
at org.testng.SuiteRunner.access$000(SuiteRunner.java:28)
at org.testng.SuiteRunner$SuiteWorker.run(SuiteRunner.java:418)
at org.testng.internal.thread.ThreadUtil.lambda$execute$0(ThreadUtil.java:64)
at java.base/java.util.concurrent.FutureTask.run(Unknown Source)
at java.base/java.util.concurrent.ThreadPoolExecutor.runWorker(Unknown Source)
at java.base/java.util.concurrent.ThreadPoolExecutor$Worker.run(Unknown Source)
at java.base/java.lang.Thread.run(Unknown Source)
]]>
            </full-stacktrace>
          </exception> <!-- java.lang.AssertionError -->
          <reporter-output>
          </reporter-output>
        </test-method> <!-- addRemoveItem -->
        <test-method is-config="true" signature="tearDown()[pri:0, instance:uk.co.testing.AddRemoveItemBasketTest@24fcf36f]" started-at="2022-10-04T12:21:20 BST" name="tearDown" finished-at="2022-10-04T12:21:21 BST" duration-ms="618" status="PASS">
          <reporter-output>
          </reporter-output>
        </test-method> <!-- tearDown -->
      </class> <!-- uk.co.testing.AddRemoveItemBasketTest -->
    </test> <!-- Test -->
    <test started-at="2022-10-04T12:21:04 BST" name="Test2" finished-at="2022-10-04T12:21:27 BST" duration-ms="22798">
      <class name="uk.co.testing.OrderCompleteTest">
        <test-method is-config="true" signature="set()[pri:0, instance:uk.co.testing.OrderCompleteTest@66d3eec0]" started-at="2022-10-04T12:21:04 BST" name="set" finished-at="2022-10-04T12:21:07 BST" duration-ms="2657" status="PASS">
          <reporter-output>
          </reporter-output>
        </test-method> <!-- set -->
        <test-method signature="endToEndTest()[pri:0, instance:uk.co.testing.OrderCompleteTest@66d3eec0]" started-at="2022-10-04T12:21:07 BST" name="endToEndTest" finished-at="2022-10-04T12:21:26 BST" duration-ms="19288" status="PASS">
          <reporter-output>
          </reporter-output>
        </test-method> <!-- endToEndTest -->
        <test-method is-config="true" signature="tearDown()[pri:0, instance:uk.co.testing.OrderCompleteTest@66d3eec0]" started-at="2022-10-04T12:21:26 BST" name="tearDown" finished-at="2022-10-04T12:21:27 BST" duration-ms="636" status="PASS">
          <reporter-output>
          </reporter-output>
        </test-method> <!-- tearDown -->
      </class> <!-- uk.co.testing.OrderCompleteTest -->
    </test> <!-- Test2 -->
  </suite> <!-- Suite -->
</testng-results>
