<?xml version="1.0" encoding="UTF-8"?>
<testng-results ignored="0" total="1" passed="0" failed="0" skipped="1">
  <reporter-output>
  </reporter-output>
  <suite started-at="2022-11-03T06:54:23 WAT" name="Default suite" finished-at="2022-11-03T06:54:25 WAT" duration-ms="2074">
    <groups>
    </groups>
    <test started-at="2022-11-03T06:54:23 WAT" name="Default test" finished-at="2022-11-03T06:54:25 WAT" duration-ms="2074">
      <class name="uk.co.testing.OrderCompleteTest">
        <test-method is-config="true" signature="set()[pri:0, instance:uk.co.testing.OrderCompleteTest@7e5afaa6]" started-at="2022-11-03T06:54:23 WAT" name="set" finished-at="2022-11-03T06:54:25 WAT" duration-ms="1807" status="FAIL">
          <exception class="org.openqa.selenium.SessionNotCreatedException">
            <message>
              <![CDATA[session not created: This version of Microsoft Edge WebDriver only supports Microsoft Edge version 105
Current browser version is 107.0.1418.26 with binary path C:\Program Files (x86)\Microsoft\Edge\Application\msedge.exe
Build info: version: '3.141.59', revision: 'e82be7d358', time: '2018-11-14T08:17:03'
System info: host: 'WORKSTATION', ip: '192.168.44.1', os.name: 'Windows 10', os.arch: 'amd64', os.version: '10.0', java.version: '15.0.1'
Driver info: driver.version: EdgeDriver
remote stacktrace: Backtrace:
Microsoft::Applications::Events::EventProperties::SetProperty [0x00007FF723812042+17554]
Microsoft::Applications::Events::EventProperty::EventProperty [0x00007FF7237AE992+1438578]
Ordinal0 [0x00007FF7233D9345+627525]
Ordinal0 [0x00007FF7234073D4+816084]
Ordinal0 [0x00007FF7234028B3+796851]
Ordinal0 [0x00007FF7233FD9F0+776688]
Ordinal0 [0x00007FF72343969F+1021599]
Ordinal0 [0x00007FF723433A43+997955]
Ordinal0 [0x00007FF7234094C0+824512]
Ordinal0 [0x00007FF72340A9F8+829944]
Microsoft::Applications::Events::EventProperty::EventProperty [0x00007FF7236702E8+134344]
Microsoft::Applications::Events::EventProperty::EventProperty [0x00007FF723659C15+42485]
Microsoft::Applications::Events::EventProperty::EventProperty [0x00007FF72365CCFC+55004]
Ordinal0 [0x00007FF7234C4F14+1593108]
Microsoft::Applications::Events::EventProperty::EventProperty [0x00007FF7237B40DB+1460923]
Microsoft::Applications::Events::EventProperty::EventProperty [0x00007FF7237B80A4+1477252]
Microsoft::Applications::Events::EventProperty::EventProperty [0x00007FF7237B81FD+1477597]
Microsoft::Applications::Events::EventProperty::EventProperty [0x00007FF7237C01C9+1510313]
BaseThreadInitThunk [0x00007FFBF14C54E0+16]
RtlUserThreadStart [0x00007FFBF362485B+43]
]]>
            </message>
            <full-stacktrace>
              <![CDATA[org.openqa.selenium.SessionNotCreatedException: session not created: This version of Microsoft Edge WebDriver only supports Microsoft Edge version 105
Current browser version is 107.0.1418.26 with binary path C:\Program Files (x86)\Microsoft\Edge\Application\msedge.exe
Build info: version: '3.141.59', revision: 'e82be7d358', time: '2018-11-14T08:17:03'
System info: host: 'WORKSTATION', ip: '192.168.44.1', os.name: 'Windows 10', os.arch: 'amd64', os.version: '10.0', java.version: '15.0.1'
Driver info: driver.version: EdgeDriver
remote stacktrace: Backtrace:
Microsoft::Applications::Events::EventProperties::SetProperty [0x00007FF723812042+17554]
Microsoft::Applications::Events::EventProperty::EventProperty [0x00007FF7237AE992+1438578]
Ordinal0 [0x00007FF7233D9345+627525]
Ordinal0 [0x00007FF7234073D4+816084]
Ordinal0 [0x00007FF7234028B3+796851]
Ordinal0 [0x00007FF7233FD9F0+776688]
Ordinal0 [0x00007FF72343969F+1021599]
Ordinal0 [0x00007FF723433A43+997955]
Ordinal0 [0x00007FF7234094C0+824512]
Ordinal0 [0x00007FF72340A9F8+829944]
Microsoft::Applications::Events::EventProperty::EventProperty [0x00007FF7236702E8+134344]
Microsoft::Applications::Events::EventProperty::EventProperty [0x00007FF723659C15+42485]
Microsoft::Applications::Events::EventProperty::EventProperty [0x00007FF72365CCFC+55004]
Ordinal0 [0x00007FF7234C4F14+1593108]
Microsoft::Applications::Events::EventProperty::EventProperty [0x00007FF7237B40DB+1460923]
Microsoft::Applications::Events::EventProperty::EventProperty [0x00007FF7237B80A4+1477252]
Microsoft::Applications::Events::EventProperty::EventProperty [0x00007FF7237B81FD+1477597]
Microsoft::Applications::Events::EventProperty::EventProperty [0x00007FF7237C01C9+1510313]
BaseThreadInitThunk [0x00007FFBF14C54E0+16]
RtlUserThreadStart [0x00007FFBF362485B+43]

at java.base/jdk.internal.reflect.NativeConstructorAccessorImpl.newInstance0(Native Method)
at java.base/jdk.internal.reflect.NativeConstructorAccessorImpl.newInstance(Unknown Source)
at java.base/jdk.internal.reflect.DelegatingConstructorAccessorImpl.newInstance(Unknown Source)
at java.base/java.lang.reflect.Constructor.newInstanceWithCaller(Unknown Source)
at java.base/java.lang.reflect.Constructor.newInstance(Unknown Source)
at org.openqa.selenium.remote.W3CHandshakeResponse.lambda$errorHandler$0(W3CHandshakeResponse.java:62)
at org.openqa.selenium.remote.HandshakeResponse.lambda$getResponseFunction$0(HandshakeResponse.java:30)
at org.openqa.selenium.remote.ProtocolHandshake.lambda$createSession$0(ProtocolHandshake.java:126)
at java.base/java.util.stream.ReferencePipeline$3$1.accept(Unknown Source)
at java.base/java.util.Spliterators$ArraySpliterator.tryAdvance(Unknown Source)
at java.base/java.util.stream.ReferencePipeline.forEachWithCancel(Unknown Source)
at java.base/java.util.stream.AbstractPipeline.copyIntoWithCancel(Unknown Source)
at java.base/java.util.stream.AbstractPipeline.copyInto(Unknown Source)
at java.base/java.util.stream.AbstractPipeline.wrapAndCopyInto(Unknown Source)
at java.base/java.util.stream.FindOps$FindOp.evaluateSequential(Unknown Source)
at java.base/java.util.stream.AbstractPipeline.evaluate(Unknown Source)
at java.base/java.util.stream.ReferencePipeline.findFirst(Unknown Source)
at org.openqa.selenium.remote.ProtocolHandshake.createSession(ProtocolHandshake.java:128)
at org.openqa.selenium.remote.ProtocolHandshake.createSession(ProtocolHandshake.java:74)
at org.openqa.selenium.remote.HttpCommandExecutor.execute(HttpCommandExecutor.java:136)
at org.openqa.selenium.remote.service.DriverCommandExecutor.execute(DriverCommandExecutor.java:83)
at org.openqa.selenium.remote.RemoteWebDriver.execute(RemoteWebDriver.java:552)
at org.openqa.selenium.remote.RemoteWebDriver.startSession(RemoteWebDriver.java:213)
at org.openqa.selenium.remote.RemoteWebDriver.<init>(RemoteWebDriver.java:131)
at org.openqa.selenium.edge.EdgeDriver.<init>(EdgeDriver.java:141)
at org.openqa.selenium.edge.EdgeDriver.<init>(EdgeDriver.java:96)
at base.WebDriverInstance.createDriver(WebDriverInstance.java:45)
at base.WebDriverInstance.getDriver(WebDriverInstance.java:20)
at base.BasePage.getDriver(BasePage.java:32)
at base.Hooks.set(Hooks.java:16)
at java.base/jdk.internal.reflect.NativeMethodAccessorImpl.invoke0(Native Method)
at java.base/jdk.internal.reflect.NativeMethodAccessorImpl.invoke(Unknown Source)
at java.base/jdk.internal.reflect.DelegatingMethodAccessorImpl.invoke(Unknown Source)
at java.base/java.lang.reflect.Method.invoke(Unknown Source)
at org.testng.internal.MethodInvocationHelper.invokeMethod(MethodInvocationHelper.java:133)
at org.testng.internal.MethodInvocationHelper.invokeMethodConsideringTimeout(MethodInvocationHelper.java:62)
at org.testng.internal.ConfigInvoker.invokeConfigurationMethod(ConfigInvoker.java:385)
at org.testng.internal.ConfigInvoker.invokeConfigurations(ConfigInvoker.java:321)
at org.testng.TestRunner.invokeTestConfigurations(TestRunner.java:637)
at org.testng.TestRunner.beforeRun(TestRunner.java:627)
at org.testng.TestRunner.run(TestRunner.java:589)
at org.testng.SuiteRunner.runTest(SuiteRunner.java:377)
at org.testng.SuiteRunner.runSequentially(SuiteRunner.java:371)
at org.testng.SuiteRunner.privateRun(SuiteRunner.java:332)
at org.testng.SuiteRunner.run(SuiteRunner.java:276)
at org.testng.SuiteRunnerWorker.runSuite(SuiteRunnerWorker.java:53)
at org.testng.SuiteRunnerWorker.run(SuiteRunnerWorker.java:96)
at org.testng.TestNG.runSuitesSequentially(TestNG.java:1212)
at org.testng.TestNG.runSuitesLocally(TestNG.java:1134)
at org.testng.TestNG.runSuites(TestNG.java:1063)
at org.testng.TestNG.run(TestNG.java:1031)
at org.testng.remote.AbstractRemoteTestNG.run(AbstractRemoteTestNG.java:115)
at org.testng.remote.RemoteTestNG.initAndRun(RemoteTestNG.java:251)
at org.testng.remote.RemoteTestNG.main(RemoteTestNG.java:77)
]]>
            </full-stacktrace>
          </exception> <!-- org.openqa.selenium.SessionNotCreatedException -->
          <reporter-output>
          </reporter-output>
        </test-method> <!-- set -->
        <test-method signature="endToEndTest()[pri:0, instance:uk.co.testing.OrderCompleteTest@7e5afaa6]" started-at="2022-11-03T06:54:25 WAT" name="endToEndTest" finished-at="2022-11-03T06:54:25 WAT" duration-ms="0" status="SKIP">
          <exception class="org.openqa.selenium.SessionNotCreatedException">
            <message>
              <![CDATA[session not created: This version of Microsoft Edge WebDriver only supports Microsoft Edge version 105
Current browser version is 107.0.1418.26 with binary path C:\Program Files (x86)\Microsoft\Edge\Application\msedge.exe
Build info: version: '3.141.59', revision: 'e82be7d358', time: '2018-11-14T08:17:03'
System info: host: 'WORKSTATION', ip: '192.168.44.1', os.name: 'Windows 10', os.arch: 'amd64', os.version: '10.0', java.version: '15.0.1'
Driver info: driver.version: EdgeDriver
remote stacktrace: Backtrace:
Microsoft::Applications::Events::EventProperties::SetProperty [0x00007FF723812042+17554]
Microsoft::Applications::Events::EventProperty::EventProperty [0x00007FF7237AE992+1438578]
Ordinal0 [0x00007FF7233D9345+627525]
Ordinal0 [0x00007FF7234073D4+816084]
Ordinal0 [0x00007FF7234028B3+796851]
Ordinal0 [0x00007FF7233FD9F0+776688]
Ordinal0 [0x00007FF72343969F+1021599]
Ordinal0 [0x00007FF723433A43+997955]
Ordinal0 [0x00007FF7234094C0+824512]
Ordinal0 [0x00007FF72340A9F8+829944]
Microsoft::Applications::Events::EventProperty::EventProperty [0x00007FF7236702E8+134344]
Microsoft::Applications::Events::EventProperty::EventProperty [0x00007FF723659C15+42485]
Microsoft::Applications::Events::EventProperty::EventProperty [0x00007FF72365CCFC+55004]
Ordinal0 [0x00007FF7234C4F14+1593108]
Microsoft::Applications::Events::EventProperty::EventProperty [0x00007FF7237B40DB+1460923]
Microsoft::Applications::Events::EventProperty::EventProperty [0x00007FF7237B80A4+1477252]
Microsoft::Applications::Events::EventProperty::EventProperty [0x00007FF7237B81FD+1477597]
Microsoft::Applications::Events::EventProperty::EventProperty [0x00007FF7237C01C9+1510313]
BaseThreadInitThunk [0x00007FFBF14C54E0+16]
RtlUserThreadStart [0x00007FFBF362485B+43]
]]>
            </message>
            <full-stacktrace>
              <![CDATA[org.openqa.selenium.SessionNotCreatedException: session not created: This version of Microsoft Edge WebDriver only supports Microsoft Edge version 105
Current browser version is 107.0.1418.26 with binary path C:\Program Files (x86)\Microsoft\Edge\Application\msedge.exe
Build info: version: '3.141.59', revision: 'e82be7d358', time: '2018-11-14T08:17:03'
System info: host: 'WORKSTATION', ip: '192.168.44.1', os.name: 'Windows 10', os.arch: 'amd64', os.version: '10.0', java.version: '15.0.1'
Driver info: driver.version: EdgeDriver
remote stacktrace: Backtrace:
Microsoft::Applications::Events::EventProperties::SetProperty [0x00007FF723812042+17554]
Microsoft::Applications::Events::EventProperty::EventProperty [0x00007FF7237AE992+1438578]
Ordinal0 [0x00007FF7233D9345+627525]
Ordinal0 [0x00007FF7234073D4+816084]
Ordinal0 [0x00007FF7234028B3+796851]
Ordinal0 [0x00007FF7233FD9F0+776688]
Ordinal0 [0x00007FF72343969F+1021599]
Ordinal0 [0x00007FF723433A43+997955]
Ordinal0 [0x00007FF7234094C0+824512]
Ordinal0 [0x00007FF72340A9F8+829944]
Microsoft::Applications::Events::EventProperty::EventProperty [0x00007FF7236702E8+134344]
Microsoft::Applications::Events::EventProperty::EventProperty [0x00007FF723659C15+42485]
Microsoft::Applications::Events::EventProperty::EventProperty [0x00007FF72365CCFC+55004]
Ordinal0 [0x00007FF7234C4F14+1593108]
Microsoft::Applications::Events::EventProperty::EventProperty [0x00007FF7237B40DB+1460923]
Microsoft::Applications::Events::EventProperty::EventProperty [0x00007FF7237B80A4+1477252]
Microsoft::Applications::Events::EventProperty::EventProperty [0x00007FF7237B81FD+1477597]
Microsoft::Applications::Events::EventProperty::EventProperty [0x00007FF7237C01C9+1510313]
BaseThreadInitThunk [0x00007FFBF14C54E0+16]
RtlUserThreadStart [0x00007FFBF362485B+43]

at java.base/jdk.internal.reflect.NativeConstructorAccessorImpl.newInstance0(Native Method)
at java.base/jdk.internal.reflect.NativeConstructorAccessorImpl.newInstance(Unknown Source)
at java.base/jdk.internal.reflect.DelegatingConstructorAccessorImpl.newInstance(Unknown Source)
at java.base/java.lang.reflect.Constructor.newInstanceWithCaller(Unknown Source)
at java.base/java.lang.reflect.Constructor.newInstance(Unknown Source)
at org.openqa.selenium.remote.W3CHandshakeResponse.lambda$errorHandler$0(W3CHandshakeResponse.java:62)
at org.openqa.selenium.remote.HandshakeResponse.lambda$getResponseFunction$0(HandshakeResponse.java:30)
at org.openqa.selenium.remote.ProtocolHandshake.lambda$createSession$0(ProtocolHandshake.java:126)
at java.base/java.util.stream.ReferencePipeline$3$1.accept(Unknown Source)
at java.base/java.util.Spliterators$ArraySpliterator.tryAdvance(Unknown Source)
at java.base/java.util.stream.ReferencePipeline.forEachWithCancel(Unknown Source)
at java.base/java.util.stream.AbstractPipeline.copyIntoWithCancel(Unknown Source)
at java.base/java.util.stream.AbstractPipeline.copyInto(Unknown Source)
at java.base/java.util.stream.AbstractPipeline.wrapAndCopyInto(Unknown Source)
at java.base/java.util.stream.FindOps$FindOp.evaluateSequential(Unknown Source)
at java.base/java.util.stream.AbstractPipeline.evaluate(Unknown Source)
at java.base/java.util.stream.ReferencePipeline.findFirst(Unknown Source)
at org.openqa.selenium.remote.ProtocolHandshake.createSession(ProtocolHandshake.java:128)
at org.openqa.selenium.remote.ProtocolHandshake.createSession(ProtocolHandshake.java:74)
at org.openqa.selenium.remote.HttpCommandExecutor.execute(HttpCommandExecutor.java:136)
at org.openqa.selenium.remote.service.DriverCommandExecutor.execute(DriverCommandExecutor.java:83)
at org.openqa.selenium.remote.RemoteWebDriver.execute(RemoteWebDriver.java:552)
at org.openqa.selenium.remote.RemoteWebDriver.startSession(RemoteWebDriver.java:213)
at org.openqa.selenium.remote.RemoteWebDriver.<init>(RemoteWebDriver.java:131)
at org.openqa.selenium.edge.EdgeDriver.<init>(EdgeDriver.java:141)
at org.openqa.selenium.edge.EdgeDriver.<init>(EdgeDriver.java:96)
at base.WebDriverInstance.createDriver(WebDriverInstance.java:45)
at base.WebDriverInstance.getDriver(WebDriverInstance.java:20)
at base.BasePage.getDriver(BasePage.java:32)
at base.Hooks.set(Hooks.java:16)
at java.base/jdk.internal.reflect.NativeMethodAccessorImpl.invoke0(Native Method)
at java.base/jdk.internal.reflect.NativeMethodAccessorImpl.invoke(Unknown Source)
at java.base/jdk.internal.reflect.DelegatingMethodAccessorImpl.invoke(Unknown Source)
at java.base/java.lang.reflect.Method.invoke(Unknown Source)
at org.testng.internal.MethodInvocationHelper.invokeMethod(MethodInvocationHelper.java:133)
at org.testng.internal.MethodInvocationHelper.invokeMethodConsideringTimeout(MethodInvocationHelper.java:62)
at org.testng.internal.ConfigInvoker.invokeConfigurationMethod(ConfigInvoker.java:385)
at org.testng.internal.ConfigInvoker.invokeConfigurations(ConfigInvoker.java:321)
at org.testng.TestRunner.invokeTestConfigurations(TestRunner.java:637)
at org.testng.TestRunner.beforeRun(TestRunner.java:627)
at org.testng.TestRunner.run(TestRunner.java:589)
at org.testng.SuiteRunner.runTest(SuiteRunner.java:377)
at org.testng.SuiteRunner.runSequentially(SuiteRunner.java:371)
at org.testng.SuiteRunner.privateRun(SuiteRunner.java:332)
at org.testng.SuiteRunner.run(SuiteRunner.java:276)
at org.testng.SuiteRunnerWorker.runSuite(SuiteRunnerWorker.java:53)
at org.testng.SuiteRunnerWorker.run(SuiteRunnerWorker.java:96)
at org.testng.TestNG.runSuitesSequentially(TestNG.java:1212)
at org.testng.TestNG.runSuitesLocally(TestNG.java:1134)
at org.testng.TestNG.runSuites(TestNG.java:1063)
at org.testng.TestNG.run(TestNG.java:1031)
at org.testng.remote.AbstractRemoteTestNG.run(AbstractRemoteTestNG.java:115)
at org.testng.remote.RemoteTestNG.initAndRun(RemoteTestNG.java:251)
at org.testng.remote.RemoteTestNG.main(RemoteTestNG.java:77)
]]>
            </full-stacktrace>
          </exception> <!-- org.openqa.selenium.SessionNotCreatedException -->
          <reporter-output>
          </reporter-output>
        </test-method> <!-- endToEndTest -->
        <test-method is-config="true" signature="tearDown()[pri:0, instance:uk.co.testing.OrderCompleteTest@7e5afaa6]" started-at="2022-11-03T06:54:25 WAT" name="tearDown" finished-at="1970-01-01T01:00:00 WAT" duration-ms="-1667454865720" status="SKIP">
          <reporter-output>
          </reporter-output>
        </test-method> <!-- tearDown -->
      </class> <!-- uk.co.testing.OrderCompleteTest -->
    </test> <!-- Default test -->
  </suite> <!-- Default suite -->
</testng-results>
