<?xml version="1.0" encoding="UTF-8"?>
<!-- Generated by org.testng.reporters.JUnitReportReporter -->
<testsuite hostname="WorkStation" failures="0" tests="2" name="uk.co.testing.AddRemoveItemBasketTest" time="1.795" errors="1" timestamp="2022-11-03T06:06:19 WAT" skipped="1">
  <testcase classname="uk.co.testing.AddRemoveItemBasketTest" name="addRemoveItem" time="0.000">
    <skipped/>
  </testcase> <!-- addRemoveItem -->
  <system-out/>
  <testcase classname="uk.co.testing.AddRemoveItemBasketTest" name="set" time="1.795">
    <error message="session not created: This version of ChromeDriver only supports Chrome version 105
Current browser version is 107.0.5304.88 with binary path C:\Program Files\Google\Chrome\Application\chrome.exe
Build info: version: &#039;3.141.59&#039;, revision: &#039;e82be7d358&#039;, time: &#039;2018-11-14T08:17:03&#039;
System info: host: &#039;WORKSTATION&#039;, ip: &#039;192.168.44.1&#039;, os.name: &#039;Windows 10&#039;, os.arch: &#039;amd64&#039;, os.version: &#039;10.0&#039;, java.version: &#039;15.0.1&#039;
Driver info: driver.version: ChromeDriver
remote stacktrace: Backtrace:
	Ordinal0 [0x00CADF13+2219795]
	Ordinal0 [0x00C42841+1779777]
	Ordinal0 [0x00B5423D+803389]
	Ordinal0 [0x00B764AC+943276]
	Ordinal0 [0x00B719F0+924144]
	Ordinal0 [0x00B6F179+913785]
	Ordinal0 [0x00BA36B9+1128121]
	Ordinal0 [0x00BA331A+1127194]
	Ordinal0 [0x00B9E616+1107478]
	Ordinal0 [0x00B77F89+950153]
	Ordinal0 [0x00B78F56+954198]
	GetHandleVerifier [0x00FA2CB2+3040210]
	GetHandleVerifier [0x00F92BB4+2974420]
	GetHandleVerifier [0x00D46A0A+565546]
	GetHandleVerifier [0x00D45680+560544]
	Ordinal0 [0x00C49A5C+1808988]
	Ordinal0 [0x00C4E3A8+1827752]
	Ordinal0 [0x00C4E495+1827989]
	Ordinal0 [0x00C580A4+1867940]
	BaseThreadInitThunk [0x75BF6739+25]
	RtlGetFullPathName_UEx [0x76FA8FD2+1218]
	RtlGetFullPathName_UEx [0x76FA8F9D+1165]
" type="org.openqa.selenium.SessionNotCreatedException">
      <![CDATA[org.openqa.selenium.SessionNotCreatedException: session not created: This version of ChromeDriver only supports Chrome version 105
Current browser version is 107.0.5304.88 with binary path C:\Program Files\Google\Chrome\Application\chrome.exe
Build info: version: '3.141.59', revision: 'e82be7d358', time: '2018-11-14T08:17:03'
System info: host: 'WORKSTATION', ip: '192.168.44.1', os.name: 'Windows 10', os.arch: 'amd64', os.version: '10.0', java.version: '15.0.1'
Driver info: driver.version: ChromeDriver
remote stacktrace: Backtrace:
Ordinal0 [0x00CADF13+2219795]
Ordinal0 [0x00C42841+1779777]
Ordinal0 [0x00B5423D+803389]
Ordinal0 [0x00B764AC+943276]
Ordinal0 [0x00B719F0+924144]
Ordinal0 [0x00B6F179+913785]
Ordinal0 [0x00BA36B9+1128121]
Ordinal0 [0x00BA331A+1127194]
Ordinal0 [0x00B9E616+1107478]
Ordinal0 [0x00B77F89+950153]
Ordinal0 [0x00B78F56+954198]
GetHandleVerifier [0x00FA2CB2+3040210]
GetHandleVerifier [0x00F92BB4+2974420]
GetHandleVerifier [0x00D46A0A+565546]
GetHandleVerifier [0x00D45680+560544]
Ordinal0 [0x00C49A5C+1808988]
Ordinal0 [0x00C4E3A8+1827752]
Ordinal0 [0x00C4E495+1827989]
Ordinal0 [0x00C580A4+1867940]
BaseThreadInitThunk [0x75BF6739+25]
RtlGetFullPathName_UEx [0x76FA8FD2+1218]
RtlGetFullPathName_UEx [0x76FA8F9D+1165]

at java.base/jdk.internal.reflect.NativeConstructorAccessorImpl.newInstance0(Native Method)
at java.base/jdk.internal.reflect.NativeConstructorAccessorImpl.newInstance(Unknown Source)
at java.base/jdk.internal.reflect.DelegatingConstructorAccessorImpl.newInstance(Unknown Source)
at java.base/java.lang.reflect.Constructor.newInstanceWithCaller(Unknown Source)
at java.base/java.lang.reflect.Constructor.newInstance(Unknown Source)
at org.openqa.selenium.remote.W3CHandshakeResponse.lambda$errorHandler$0(W3CHandshakeResponse.java:62)
at org.openqa.selenium.remote.HandshakeResponse.lambda$getResponseFunction$0(HandshakeResponse.java:30)
at org.openqa.selenium.remote.ProtocolHandshake.lambda$createSession$0(ProtocolHandshake.java:126)
at java.base/java.util.stream.ReferencePipeline$3$1.accept(Unknown Source)
at java.base/java.util.Spliterators$ArraySpliterator.tryAdvance(Unknown Source)
at java.base/java.util.stream.ReferencePipeline.forEachWithCancel(Unknown Source)
at java.base/java.util.stream.AbstractPipeline.copyIntoWithCancel(Unknown Source)
at java.base/java.util.stream.AbstractPipeline.copyInto(Unknown Source)
at java.base/java.util.stream.AbstractPipeline.wrapAndCopyInto(Unknown Source)
at java.base/java.util.stream.FindOps$FindOp.evaluateSequential(Unknown Source)
at java.base/java.util.stream.AbstractPipeline.evaluate(Unknown Source)
at java.base/java.util.stream.ReferencePipeline.findFirst(Unknown Source)
at org.openqa.selenium.remote.ProtocolHandshake.createSession(ProtocolHandshake.java:128)
at org.openqa.selenium.remote.ProtocolHandshake.createSession(ProtocolHandshake.java:74)
at org.openqa.selenium.remote.HttpCommandExecutor.execute(HttpCommandExecutor.java:136)
at org.openqa.selenium.remote.service.DriverCommandExecutor.execute(DriverCommandExecutor.java:83)
at org.openqa.selenium.remote.RemoteWebDriver.execute(RemoteWebDriver.java:552)
at org.openqa.selenium.remote.RemoteWebDriver.startSession(RemoteWebDriver.java:213)
at org.openqa.selenium.remote.RemoteWebDriver.<init>(RemoteWebDriver.java:131)
at org.openqa.selenium.chrome.ChromeDriver.<init>(ChromeDriver.java:181)
at org.openqa.selenium.chrome.ChromeDriver.<init>(ChromeDriver.java:168)
at org.openqa.selenium.chrome.ChromeDriver.<init>(ChromeDriver.java:123)
at base.WebDriverInstance.createDriver(WebDriverInstance.java:38)
at base.WebDriverInstance.getDriver(WebDriverInstance.java:20)
at base.BasePage.getDriver(BasePage.java:32)
at base.Hooks.set(Hooks.java:16)
at java.base/jdk.internal.reflect.NativeMethodAccessorImpl.invoke0(Native Method)
at java.base/jdk.internal.reflect.NativeMethodAccessorImpl.invoke(Unknown Source)
at java.base/jdk.internal.reflect.DelegatingMethodAccessorImpl.invoke(Unknown Source)
at java.base/java.lang.reflect.Method.invoke(Unknown Source)
at org.testng.internal.MethodInvocationHelper.invokeMethod(MethodInvocationHelper.java:133)
at org.testng.internal.MethodInvocationHelper.invokeMethodConsideringTimeout(MethodInvocationHelper.java:62)
at org.testng.internal.ConfigInvoker.invokeConfigurationMethod(ConfigInvoker.java:385)
at org.testng.internal.ConfigInvoker.invokeConfigurations(ConfigInvoker.java:321)
at org.testng.TestRunner.invokeTestConfigurations(TestRunner.java:637)
at org.testng.TestRunner.beforeRun(TestRunner.java:627)
at org.testng.TestRunner.run(TestRunner.java:589)
at org.testng.SuiteRunner.runTest(SuiteRunner.java:377)
at org.testng.SuiteRunner.runSequentially(SuiteRunner.java:371)
at org.testng.SuiteRunner.privateRun(SuiteRunner.java:332)
at org.testng.SuiteRunner.run(SuiteRunner.java:276)
at org.testng.SuiteRunnerWorker.runSuite(SuiteRunnerWorker.java:53)
at org.testng.SuiteRunnerWorker.run(SuiteRunnerWorker.java:96)
at org.testng.TestNG.runSuitesSequentially(TestNG.java:1212)
at org.testng.TestNG.runSuitesLocally(TestNG.java:1134)
at org.testng.TestNG.runSuites(TestNG.java:1063)
at org.testng.TestNG.run(TestNG.java:1031)
at org.testng.remote.AbstractRemoteTestNG.run(AbstractRemoteTestNG.java:115)
at org.testng.remote.RemoteTestNG.initAndRun(RemoteTestNG.java:251)
at org.testng.remote.RemoteTestNG.main(RemoteTestNG.java:77)
]]>
    </error>
  </testcase> <!-- set -->
  <system-out/>
</testsuite> <!-- uk.co.testing.AddRemoveItemBasketTest -->
